<?xml version="1.0" encoding="UTF-8"?>
<!-- Generated by org.testng.reporters.JUnitXMLReporter -->
<testsuite hostname="DESKTOP-GRSEJ99" ignored="0" name="Validate title" tests="1" failures="0" timestamp="2020-05-31T20:53:29 IST" time="0.136" errors="0">
  <testcase name="@BeforeTest initialize" time="0.011" classname="Framework.firstFramework.ValidateTitle">
    <failure type="java.lang.NullPointerException">
      <![CDATA[java.lang.NullPointerException
at Resources.BaseClass.initializeDriver(BaseClass.java:32)
at Framework.firstFramework.ValidateTitle.initialize(ValidateTitle.java:23)
at java.util.concurrent.FutureTask.run(Unknown Source)
at java.util.concurrent.ThreadPoolExecutor.runWorker(Unknown Source)
at java.util.concurrent.ThreadPoolExecutor$Worker.run(Unknown Source)
at java.lang.Thread.run(Unknown Source)
... Removed 15 stack frames]]>
    </failure>
  </testcase> <!-- @BeforeTest initialize -->
  <testcase name="@AfterTest closeDriver" time="-1.59093860992E9" classname="Framework.firstFramework.ValidateTitle">
    <skipped/>
  </testcase> <!-- @AfterTest closeDriver -->
  <testcase name="basePageNavigation" time="0.0" classname="Framework.firstFramework.ValidateTitle">
    <skipped/>
  </testcase> <!-- basePageNavigation -->
</testsuite> <!-- Validate title -->
