<?xml version="1.0" encoding="UTF-8"?>
<testng-results skipped="0" failed="0" ignored="0" total="1" passed="1">
  <reporter-output>
  </reporter-output>
  <suite name="Suite" duration-ms="48009" started-at="2020-06-01T18:45:53 IST" finished-at="2020-06-01T18:46:41 IST">
    <groups>
      <group name="cucumber">
        <method signature="AbstractTestNGCucumberTests.feature(cucumber.api.testng.CucumberFeatureWrapper)[pri:0, instance:CucumberOptions.TestRunner@146044d7]" name="feature" class="cucumber.api.testng.AbstractTestNGCucumberTests"/>
      </group> <!-- cucumber -->
    </groups>
    <test name="login with different inputs" duration-ms="48009" started-at="2020-06-01T18:45:53 IST" finished-at="2020-06-01T18:46:41 IST">
      <class name="CucumberOptions.TestRunner">
        <test-method status="PASS" signature="setUpClass()[pri:0, instance:CucumberOptions.TestRunner@146044d7]" name="setUpClass" is-config="true" duration-ms="413" started-at="2020-06-01T18:45:53 IST" finished-at="2020-06-01T18:45:53 IST">
          <reporter-output>
          </reporter-output>
        </test-method> <!-- setUpClass -->
        <test-method status="PASS" signature="feature(cucumber.api.testng.CucumberFeatureWrapper)[pri:0, instance:CucumberOptions.TestRunner@146044d7]" name="feature" duration-ms="47377" started-at="2020-06-01T18:45:53 IST" description="Runs Cucumber Feature" data-provider="features" finished-at="2020-06-01T18:46:41 IST">
          <params>
            <param index="0">
              <value>
                <![CDATA[Application login]]>
              </value>
            </param>
          </params>
          <reporter-output>
          </reporter-output>
        </test-method> <!-- feature -->
        <test-method status="PASS" signature="tearDownClass()[pri:0, instance:CucumberOptions.TestRunner@146044d7]" name="tearDownClass" is-config="true" duration-ms="3" started-at="2020-06-01T18:46:41 IST" finished-at="2020-06-01T18:46:41 IST">
          <reporter-output>
          </reporter-output>
        </test-method> <!-- tearDownClass -->
      </class> <!-- CucumberOptions.TestRunner -->
    </test> <!-- login with different inputs -->
  </suite> <!-- Suite -->
</testng-results>
