<?xml version="1.0" encoding="UTF-8"?>
<!-- Generated by org.testng.reporters.JUnitXMLReporter -->
<testsuite hostname="DESKTOP-GRSEJ99" ignored="0" name="login with different inputs" tests="3" failures="1" timestamp="2020-05-31T20:38:56 IST" time="36.291" errors="0">
  <testcase name="basePageNavigation" time="0.097" classname="Framework.firstFramework.ValidateTitle">
    <failure type="java.lang.AssertionError" message="expected [Featured course12] but found [FEATURED COURSES]">
      <![CDATA[java.lang.AssertionError: expected [Featured course12] but found [FEATURED COURSES]
at Framework.firstFramework.ValidateTitle.basePageNavigation(ValidateTitle.java:34)
at java.util.ArrayList.forEach(ArrayList.java:1257)
at java.util.concurrent.FutureTask.run(FutureTask.java:266)
at java.util.concurrent.ThreadPoolExecutor.runWorker(ThreadPoolExecutor.java:1149)
at java.util.concurrent.ThreadPoolExecutor$Worker.run(ThreadPoolExecutor.java:624)
at java.lang.Thread.run(Thread.java:748)
... Removed 23 stack frames]]>
    </failure>
  </testcase> <!-- basePageNavigation -->
  <testcase name="basePageNavigation" time="16.201" classname="Framework.firstFramework.HomePageTest"/>
  <testcase name="basePageNavigation" time="8.405" classname="Framework.firstFramework.HomePageTest"/>
</testsuite> <!-- login with different inputs -->
