<?xml version="1.0" encoding="UTF-8"?>
<!-- Generated by org.testng.reporters.JUnitXMLReporter -->
<testsuite hostname="DESKTOP-GRSEJ99" ignored="0" name="Validate title" tests="3" failures="0" timestamp="2020-05-31T20:26:46 IST" time="0.082" errors="0">
  <testcase name="@BeforeTest initialize" time="0.014" classname="Framework.firstFramework.ValidateTitle">
    <failure type="java.lang.NullPointerException">
      <![CDATA[java.lang.NullPointerException
at Resources.BaseClass.initializeDriver(BaseClass.java:48)
at Framework.firstFramework.ValidateTitle.initialize(ValidateTitle.java:23)
at java.util.concurrent.FutureTask.run(FutureTask.java:266)
at java.util.concurrent.ThreadPoolExecutor.runWorker(ThreadPoolExecutor.java:1149)
at java.util.concurrent.ThreadPoolExecutor$Worker.run(ThreadPoolExecutor.java:624)
at java.lang.Thread.run(Thread.java:748)
... Removed 15 stack frames]]>
    </failure>
  </testcase> <!-- @BeforeTest initialize -->
  <testcase name="@AfterTest closeDriver" time="-1.590937006073E9" classname="Framework.firstFramework.ValidateTitle">
    <skipped/>
  </testcase> <!-- @AfterTest closeDriver -->
  <testcase name="basePageNavigation" time="0.0" classname="Framework.firstFramework.ValidateTitle">
    <skipped/>
  </testcase> <!-- basePageNavigation -->
  <testcase name="basePageNavigation" time="0.0" classname="Framework.firstFramework.HomePageTest">
    <skipped/>
  </testcase> <!-- basePageNavigation -->
  <testcase name="basePageNavigation" time="0.0" classname="Framework.firstFramework.HomePageTest">
    <skipped/>
  </testcase> <!-- basePageNavigation -->
</testsuite> <!-- Validate title -->
