-------------------------------------------------------------------------------
Test set: TestSuite
-------------------------------------------------------------------------------
Tests run: 3, Failures: 1, Errors: 0, Skipped: 0, Time elapsed: 38.526 s <<< FAILURE! - in TestSuite
Framework.firstFramework.ValidateTitle.basePageNavigation  Time elapsed: 1.774 s  <<< FAILURE!
java.lang.AssertionError: expected [Featured course12] but found [FEATURED COURSES]
	at Framework.firstFramework.ValidateTitle.basePageNavigation(ValidateTitle.java:34)

